{"/home/eric/source/repos/OC/OC900_p12_portfolio/src/pages/Home.tsx": {"path":"/home/eric/source/repos/OC/OC900_p12_portfolio/src/pages/Home.tsx","statementMap":{"0":{"start":{"line":4,"column":15},"end":{"line":4,"column":null}},"1":{"start":{"line":6,"column":19},"end":{"line":6,"column":null}},"2":{"start":{"line":7,"column":19},"end":{"line":7,"column":null}},"3":{"start":{"line":8,"column":18},"end":{"line":8,"column":null}},"4":{"start":{"line":9,"column":17},"end":{"line":9,"column":null}},"5":{"start":{"line":10,"column":17},"end":{"line":10,"column":null}},"6":{"start":{"line":11,"column":20},"end":{"line":11,"column":null}},"7":{"start":{"line":12,"column":23},"end":{"line":12,"column":null}},"8":{"start":{"line":13,"column":21},"end":{"line":13,"column":null}},"9":{"start":{"line":15,"column":24},"end":{"line":15,"column":null}},"10":{"start":{"line":17,"column":23},"end":{"line":23,"column":null}},"11":{"start":{"line":18,"column":21},"end":{"line":18,"column":null}},"12":{"start":{"line":19,"column":4},"end":{"line":19,"column":null}},"13":{"start":{"line":21,"column":4},"end":{"line":21,"column":null}},"14":{"start":{"line":22,"column":4},"end":{"line":22,"column":null}},"15":{"start":{"line":25,"column":2},"end":{"line":792,"column":null}}},"fnMap":{"0":{"name":"Home","decl":{"start":{"line":3,"column":24},"end":{"line":3,"column":31}},"loc":{"start":{"line":3,"column":31},"end":{"line":794,"column":null}},"line":3},"1":{"name":"(anonymous_1)","decl":{"start":{"line":17,"column":23},"end":{"line":17,"column":24}},"loc":{"start":{"line":17,"column":74},"end":{"line":23,"column":null}},"line":17}},"branchMap":{},"s":{"0":1,"1":1,"2":1,"3":1,"4":1,"5":1,"6":1,"7":1,"8":1,"9":1,"10":1,"11":0,"12":0,"13":0,"14":0,"15":1},"f":{"0":1,"1":0},"b":{},"meta":{"lastBranch":0,"lastFunction":2,"lastStatement":16,"seen":{"f:3:24:3:31":0,"s:4:15:4:Infinity":0,"s:6:19:6:Infinity":1,"s:7:19:7:Infinity":2,"s:8:18:8:Infinity":3,"s:9:17:9:Infinity":4,"s:10:17:10:Infinity":5,"s:11:20:11:Infinity":6,"s:12:23:12:Infinity":7,"s:13:21:13:Infinity":8,"s:15:24:15:Infinity":9,"s:17:23:23:Infinity":10,"f:17:23:17:24":1,"s:18:21:18:Infinity":11,"s:19:4:19:Infinity":12,"s:21:4:21:Infinity":13,"s:22:4:22:Infinity":14,"s:25:2:792:Infinity":15}}}
}
